c:\users\inspiron\documents\visual studio 2013\projects\computer_vision\computer_vision\x64\debug\vc120.pdb
c:\users\inspiron\documents\visual studio 2013\projects\computer_vision\computer_vision\x64\debug\vc120.idb
c:\users\inspiron\documents\visual studio 2013\projects\computer_vision\computer_vision\x64\debug\computer_vision.obj
c:\users\inspiron\documents\visual studio 2013\projects\computer_vision\computer_vision\x64\debug\mirror.obj
c:\users\inspiron\documents\visual studio 2013\projects\computer_vision\computer_vision\x64\debug\stdafx.obj
c:\users\inspiron\documents\visual studio 2013\projects\computer_vision\computer_vision\x64\debug\tut1.obj
c:\users\inspiron\documents\visual studio 2013\projects\computer_vision\computer_vision\x64\debug\circle.obj
c:\users\inspiron\documents\visual studio 2013\projects\computer_vision\computer_vision\x64\debug\bgrtogray.obj
c:\users\inspiron\documents\visual studio 2013\projects\computer_vision\computer_vision\x64\debug\tobnw.obj
c:\users\inspiron\documents\visual studio 2013\projects\computer_vision\computer_vision\x64\debug\doubleit.obj
c:\users\inspiron\documents\visual studio 2013\projects\computer_vision\computer_vision\x64\debug\bgrhisto.obj
c:\users\inspiron\documents\visual studio 2013\projects\computer_vision\computer_vision\x64\debug\trackbar.obj
c:\users\inspiron\documents\visual studio 2013\projects\computer_vision\computer_vision\x64\debug\rgbtrackbar.obj
c:\users\inspiron\documents\visual studio 2013\projects\computer_vision\computer_vision\x64\debug\trackbarmerge.obj
c:\users\inspiron\documents\visual studio 2013\projects\computer_vision\computer_vision\x64\debug\detectcolor.obj
c:\users\inspiron\documents\visual studio 2013\projects\computer_vision\computer_vision\x64\debug\rotateimage.obj
c:\users\inspiron\documents\visual studio 2013\projects\computer_vision\computer_vision\x64\debug\filter.obj
c:\users\inspiron\documents\visual studio 2013\projects\computer_vision\computer_vision\x64\debug\medianfilter.obj
c:\users\inspiron\documents\visual studio 2013\projects\computer_vision\computer_vision\x64\debug\gaussianfilter.obj
c:\users\inspiron\documents\visual studio 2013\projects\computer_vision\computer_vision\x64\debug\meankerneltrackbar.obj
c:\users\inspiron\documents\visual studio 2013\projects\computer_vision\computer_vision\x64\debug\kerneltrackbar2.obj
c:\users\inspiron\documents\visual studio 2013\projects\computer_vision\computer_vision\x64\debug\gaussiansubtract.obj
c:\users\inspiron\documents\visual studio 2013\projects\computer_vision\computer_vision\x64\debug\edgedetection.obj
c:\users\inspiron\documents\visual studio 2013\projects\computer_vision\computer_vision\x64\debug\perwittedge.obj
c:\users\inspiron\documents\visual studio 2013\projects\computer_vision\computer_vision\x64\debug\sobelzedge.obj
c:\users\inspiron\documents\visual studio 2013\projects\computer_vision\computer_vision\x64\debug\lineextend.obj
c:\users\inspiron\documents\visual studio 2013\projects\computer_vision\computer_vision\x64\debug\dilation.obj
c:\users\inspiron\documents\visual studio 2013\projects\computer_vision\computer_vision\x64\debug\canny.obj
c:\users\inspiron\documents\visual studio 2013\projects\computer_vision\computer_vision\x64\debug\canny1.obj
c:\users\inspiron\documents\visual studio 2013\projects\computer_vision\computer_vision\x64\debug\blobdetection.obj
c:\users\inspiron\documents\visual studio 2013\projects\computer_vision\computer_vision\x64\debug\blobrace1.obj
c:\users\inspiron\documents\visual studio 2013\projects\computer_vision\computer_vision\x64\debug\prewittedge.obj
c:\users\inspiron\documents\visual studio 2013\projects\computer_vision\computer_vision\x64\debug\prewittslopemodi.obj
c:\users\inspiron\documents\visual studio 2013\projects\computer_vision\computer_vision\x64\debug\blobedge.obj
c:\users\inspiron\documents\visual studio 2013\projects\computer_vision\computer_vision\x64\debug\houghtransform.obj
c:\users\inspiron\documents\visual studio 2013\projects\computer_vision\computer_vision\x64\debug\videoblob.obj
c:\users\inspiron\documents\visual studio 2013\projects\computer_vision\computer_vision\x64\debug\video1.obj
c:\users\inspiron\documents\visual studio 2013\projects\computer_vision\computer_vision\x64\debug\hsv.obj
c:\users\inspiron\documents\visual studio 2013\projects\computer_vision\computer_vision\x64\debug\video2.obj
c:\users\inspiron\documents\visual studio 2013\projects\computer_vision\computer_vision\x64\debug\aprroxpoly.obj
c:\users\inspiron\documents\visual studio 2013\projects\computer_vision\computer_vision\x64\debug\blobfn.obj
c:\users\inspiron\documents\visual studio 2013\projects\computer_vision\computer_vision\x64\debug\video3.obj
c:\users\inspiron\documents\visual studio 2013\projects\computer_vision\computer_vision\x64\debug\dfs2.obj
c:\users\inspiron\documents\visual studio 2013\projects\computer_vision\computer_vision\x64\debug\findcontour.obj
c:\users\inspiron\documents\visual studio 2013\projects\computer_vision\computer_vision\x64\debug\findcontourvid.obj
c:\users\inspiron\documents\visual studio 2013\projects\computer_vision\computer_vision\x64\debug\videocontourtrack.obj
c:\users\inspiron\documents\visual studio 2013\projects\computer_vision\computer_vision\x64\debug\video4.obj
c:\users\inspiron\documents\visual studio 2013\projects\computer_vision\computer_vision\x64\debug\videoblob1.obj
c:\users\inspiron\documents\visual studio 2013\projects\computer_vision\computer_vision\x64\debug\tesseract.obj
c:\users\inspiron\documents\visual studio 2013\projects\computer_vision\computer_vision\x64\debug\rectcont.obj
c:\users\inspiron\documents\visual studio 2013\projects\computer_vision\computer_vision\x64\debug\test.obj
c:\users\inspiron\documents\visual studio 2013\projects\computer_vision\computer_vision\x64\debug\rectcontvideo.obj
c:\users\inspiron\documents\visual studio 2013\projects\computer_vision\computer_vision\x64\debug\test2.obj
c:\users\inspiron\documents\visual studio 2013\projects\computer_vision\computer_vision\x64\debug\test1.obj
c:\users\inspiron\documents\visual studio 2013\projects\computer_vision\computer_vision\x64\debug\teste.obj
c:\users\inspiron\documents\visual studio 2013\projects\computer_vision\x64\debug\computer_vision.ilk
c:\users\inspiron\documents\visual studio 2013\projects\computer_vision\x64\debug\computer_vision.exe
c:\users\inspiron\documents\visual studio 2013\projects\computer_vision\x64\debug\computer_vision.pdb
c:\users\inspiron\documents\visual studio 2013\projects\computer_vision\computer_vision\x64\debug\computer_vision.tlog\cl.command.1.tlog
c:\users\inspiron\documents\visual studio 2013\projects\computer_vision\computer_vision\x64\debug\computer_vision.tlog\cl.read.1.tlog
c:\users\inspiron\documents\visual studio 2013\projects\computer_vision\computer_vision\x64\debug\computer_vision.tlog\cl.write.1.tlog
c:\users\inspiron\documents\visual studio 2013\projects\computer_vision\computer_vision\x64\debug\computer_vision.tlog\link.command.1.tlog
c:\users\inspiron\documents\visual studio 2013\projects\computer_vision\computer_vision\x64\debug\computer_vision.tlog\link.read.1.tlog
c:\users\inspiron\documents\visual studio 2013\projects\computer_vision\computer_vision\x64\debug\computer_vision.tlog\link.write.1.tlog
